2025-11-08 17:12:44,323 - INFO - 程序启动
2025-11-08 17:12:44,323 - INFO - Python版本: 3.9.24 (main, Oct 10 2025, 01:00:43) 
[GCC 13.3.0]
2025-11-08 17:12:44,323 - INFO - 工作目录: /home/runner/work/uouinip/uouinip
2025-11-08 17:12:44,323 - INFO - 当前北京时间: 2025-11-08 17:12:44
2025-11-08 17:12:44,323 - INFO - === 开始电信IP更新任务 ===
2025-11-08 17:12:44,324 - INFO - 当前北京时间: 2025-11-08 17:12:44
2025-11-08 17:12:44,324 - INFO - 目标网址: https://api.uouin.com/cloudflare.html
2025-11-08 17:12:44,324 - INFO - 正在访问: https://api.uouin.com/cloudflare.html
2025-11-08 17:12:44,324 - INFO - 随机延迟 3.61 秒...
2025-11-08 17:12:50,610 - INFO - 页面获取成功，状态码: 200
2025-11-08 17:12:50,611 - INFO - 页面长度: 6577 字符
2025-11-08 17:12:50,613 - INFO - 开始解析HTML内容
2025-11-08 17:12:50,613 - INFO - 搜索包含电信关键词的内容...
2025-11-08 17:12:50,613 - INFO - 找到 0 处包含电信关键词的文本
2025-11-08 17:12:50,613 - INFO - 找到 0 个表格
2025-11-08 17:12:50,613 - INFO - IP数量较少，尝试全文搜索...
2025-11-08 17:12:50,614 - INFO - 解析完成，共找到 0 个电信IP地址
2025-11-08 17:12:50,614 - WARNING - 未找到任何电信IP地址
2025-11-08 17:12:50,614 - INFO - === 页面结构调试信息 ===
2025-11-08 17:12:50,614 - INFO - 页面链接示例: []
2025-11-08 17:12:50,614 - INFO - 页面中未找到任何电信关键词
2025-11-08 17:12:50,614 - INFO - IP地址已保存到 telecom_ips.txt，共 0 个IP
2025-11-08 17:12:50,615 - INFO - 详细信息已保存到 telecom_ips.json
2025-11-08 17:12:50,615 - INFO - === 电信IP更新任务完成，耗时: 6.29秒 ===
2025-11-08 17:12:50,615 - INFO - === 生成 0 个电信IP地址 ===
2025-11-08 17:12:50,615 - INFO - === 完成时间: 2025-11-08 17:12:50 ===
2025-11-08 17:12:50,615 - INFO - 程序结束
